<?xml version="1.0" encoding="utf-8"?><testsuites><testsuite name="pytest" errors="0" failures="0" skipped="0" tests="0" time="0.006" timestamp="2021-10-27T17:59:21.354382" hostname="DESKTOP-S2LA16V" /></testsuites>